8 5.741E-02 6.101E-02 5.804E-02 5.782E-02 6.007E-02 5.702E-02 5.813E-02 2.549E-01
16 7.153E-06 7.153E-06 7.153E-06 8.106E-06 6.199E-06 8.106E-06 6.914E-06 4.902E-04
24 1.597E-05 2.003E-05 2.003E-05 1.907E-05 1.907E-05 1.907E-05 1.717E-05 4.241E-04
32 1.788E-05 1.788E-05 2.003E-05 1.788E-05 1.907E-05 2.003E-05 1.788E-05 4.029E-04
40 2.789E-05 2.885E-05 3.004E-05 2.789E-05 2.813E-05 3.099E-05 2.789E-05 3.970E-04
48 3.910E-05 1.731E-04 4.098E-04 4.101E-05 3.910E-05 4.601E-05 3.982E-05 3.960E-04
56 6.604E-05 8.512E-05 1.981E-04 9.611E-04 1.667E-03 3.060E-03 1.070E-02 3.970E-04
64 7.510E-05 6.719E-04 2.251E-04 9.704E-05 9.513E-05 1.941E-04 3.569E-04 3.841E-04
72 1.268E-04 1.074E-03 1.740E-04 9.918E-05 8.893E-05 2.019E-04 4.051E-04 3.991E-04
80 1.800E-04 1.089E-03 2.999E-04 1.040E-04 9.799E-05 6.230E-04 4.339E-04 3.901E-04
88 2.279E-04 1.129E-03 2.921E-04 1.161E-04 1.230E-04 1.342E-04 3.760E-04 1.366E-02
96 2.770E-04 2.608E-04 3.431E-04 1.240E-04 1.149E-04 1.390E-04 3.700E-04 4.559E-04
104 3.479E-04 7.851E-04 3.030E-04 1.500E-04 1.280E-04 1.540E-04 3.879E-04 4.392E-04
112 3.889E-04 3.419E-04 3.631E-04 1.659E-04 1.481E-04 1.631E-04 3.951E-04 4.270E-04
120 4.940E-04 1.473E-03 1.393E-03 1.860E-04 1.571E-04 1.781E-04 3.850E-04 2.095E-02
128 5.691E-04 9.458E-04 1.305E-03 1.998E-04 1.650E-04 6.330E-04 4.561E-04 4.389E-04
136 6.871E-04 1.285E-03 1.312E-03 2.360E-04 2.210E-04 2.279E-04 4.640E-04 4.101E-04
144 7.761E-04 9.890E-04 1.368E-03 2.401E-04 2.389E-04 2.339E-04 4.852E-04 4.039E-04
152 9.320E-04 1.081E-03 1.455E-03 2.689E-04 2.520E-04 2.329E-04 6.881E-04 3.970E-04
160 1.128E-03 1.386E-03 1.518E-03 2.718E-04 2.820E-04 2.651E-04 8.051E-04 4.029E-04
168 1.236E-03 1.747E-03 1.385E-03 3.312E-04 2.818E-04 2.868E-04 5.510E-04 4.070E-04
176 1.400E-03 1.329E-03 1.130E-03 3.519E-04 2.851E-04 7.350E-04 5.569E-04 4.051E-04
184 1.530E-03 1.409E-03 1.419E-03 3.700E-04 3.500E-04 3.281E-04 6.170E-04 4.101E-04
192 2.576E-03 1.510E-03 1.268E-03 4.230E-04 3.691E-04 3.099E-04 7.200E-04 4.020E-04
200 2.808E-03 2.015E-03 1.272E-03 5.100E-04 4.730E-04 4.420E-04 6.630E-04 4.129E-04
208 3.047E-03 1.950E-03 1.812E-03 5.200E-04 5.441E-04 9.000E-04 6.890E-04 4.020E-04
216 3.325E-03 2.680E-03 1.953E-03 5.379E-04 5.291E-04 4.709E-04 6.859E-04 4.158E-04
224 3.686E-03 2.156E-03 1.511E-03 5.729E-04 5.832E-04 5.131E-04 7.000E-04 4.110E-04
232 3.905E-03 2.167E-03 1.760E-03 4.099E-03 6.089E-04 5.221E-04 7.100E-04 2.469E-02
240 4.188E-03 2.738E-03 2.240E-03 2.694E-03 6.330E-04 5.760E-04 7.241E-04 6.020E-04
248 4.621E-03 2.742E-03 1.777E-03 1.894E-03 7.041E-04 5.610E-04 7.980E-04 5.078E-04
256 5.121E-03 2.803E-03 1.837E-03 4.203E-03 5.659E-03 1.494E-02 2.527E-02 4.961E-04
264 5.473E-03 3.346E-03 2.163E-03 3.284E-03 8.759E-04 1.106E-03 5.572E-04 5.181E-04
272 5.955E-03 3.225E-03 2.034E-03 3.887E-03 9.201E-04 7.410E-04 5.460E-04 5.000E-04
280 6.328E-03 3.738E-03 2.193E-03 1.884E-03 9.341E-04 7.501E-04 5.631E-04 4.950E-04
288 6.937E-03 3.758E-03 2.460E-03 2.116E-03 9.601E-04 7.689E-04 6.330E-04 5.178E-04
296 7.402E-03 4.022E-03 2.686E-03 1.888E-03 1.028E-03 8.230E-04 6.640E-04 4.981E-04
304 7.984E-03 4.558E-03 3.165E-03 2.209E-03 1.053E-03 1.283E-03 6.640E-04 5.062E-04
312 8.525E-03 4.708E-03 3.269E-03 2.325E-03 1.138E-03 8.950E-04 6.909E-04 5.019E-04
320 9.313E-03 4.977E-03 3.257E-03 2.084E-03 1.152E-03 9.050E-04 7.160E-04 5.050E-04
328 9.773E-03 5.667E-03 3.148E-03 2.727E-03 1.437E-03 1.035E-03 7.429E-04 2.747E-02
336 1.064E-02 6.028E-03 3.274E-03 2.620E-03 1.477E-03 1.442E-03 7.710E-04 6.580E-04
344 1.127E-02 6.274E-03 3.486E-03 2.776E-03 1.523E-03 1.151E-03 7.970E-04 6.540E-04
352 1.198E-02 6.563E-03 3.720E-03 2.864E-03 1.567E-03 1.158E-03 8.039E-04 6.499E-04
360 1.267E-02 6.970E-03 3.933E-03 2.793E-03 1.669E-03 1.191E-03 8.399E-04 6.559E-04
368 1.396E-02 7.514E-03 4.458E-03 2.678E-03 1.743E-03 1.252E-03 8.969E-04 6.549E-04
376 1.436E-02 7.909E-03 4.672E-03 3.528E-03 1.778E-03 1.294E-03 9.348E-04 6.690E-04
384 1.531E-02 8.413E-03 4.687E-03 2.281E-03 1.848E-03 1.247E-03 9.539E-04 6.030E-04
392 1.589E-02 8.828E-03 4.485E-03 2.637E-03 2.509E-03 2.975E-03 2.005E-03 6.840E-04
400 1.695E-02 9.078E-03 4.798E-03 2.562E-03 2.431E-03 1.904E-03 1.351E-03 6.700E-04
408 1.777E-02 1.006E-02 5.076E-03 2.905E-03 2.548E-03 1.894E-03 1.362E-03 6.840E-04
416 1.918E-02 1.004E-02 5.508E-03 3.039E-03 2.647E-03 1.952E-03 1.445E-03 6.802E-04
424 1.995E-02 1.109E-02 5.784E-03 3.130E-03 2.748E-03 1.948E-03 1.461E-03 7.010E-04
432 2.136E-02 1.120E-02 6.183E-03 2.997E-03 2.838E-03 1.982E-03 1.491E-03 6.871E-04
440 2.237E-02 1.225E-02 6.475E-03 3.511E-03 2.921E-03 1.962E-03 1.561E-03 7.019E-04
448 2.369E-02 1.263E-02 6.964E-03 3.433E-03 3.074E-03 2.052E-03 1.553E-03 6.371E-04
456 2.477E-02 1.377E-02 7.193E-03 3.915E-03 3.779E-03 2.770E-03 1.663E-03 4.233E-02
464 2.641E-02 1.379E-02 7.716E-03 3.711E-03 3.792E-03 3.404E-03 1.711E-03 8.669E-04
472 2.734E-02 1.498E-02 7.946E-03 4.203E-03 6.242E-03 2.642E-03 1.696E-03 8.531E-04
480 2.891E-02 1.516E-02 8.540E-03 4.008E-03 8.324E-03 2.610E-03 1.797E-03 8.540E-04
488 3.033E-02 1.646E-02 8.837E-03 4.609E-03 1.221E-02 2.638E-03 1.807E-03 8.688E-04
496 3.174E-02 1.698E-02 9.379E-03 4.651E-03 1.140E-02 2.744E-03 1.875E-03 8.650E-04
504 3.314E-02 1.815E-02 9.679E-03 5.066E-03 1.247E-02 2.852E-03 1.919E-03 8.790E-04
512 3.503E-02 1.836E-02 1.042E-02 5.134E-03 1.172E-02 1.657E-02 1.255E-02 3.945E-02
520 3.639E-02 1.981E-02 1.054E-02 5.682E-03 1.107E-02 3.375E-03 2.354E-03 9.251E-04
528 3.826E-02 2.011E-02 1.118E-02 5.488E-03 1.071E-02 3.479E-03 2.477E-03 9.098E-04
536 3.985E-02 2.168E-02 1.238E-02 6.251E-03 1.031E-02 3.505E-03 2.440E-03 9.358E-04
544 4.143E-02 2.198E-02 1.347E-02 6.692E-03 1.188E-02 3.646E-03 2.560E-03 9.270E-04
552 4.310E-02 2.352E-02 1.331E-02 9.794E-03 1.177E-02 3.717E-03 2.606E-03 9.270E-04
560 4.561E-02 2.382E-02 1.397E-02 6.716E-03 1.151E-02 3.846E-03 2.734E-03 9.329E-04
568 4.698E-02 2.547E-02 1.422E-02 7.323E-03 1.077E-02 3.912E-03 2.784E-03 9.429E-04
576 4.905E-02 2.568E-02 1.502E-02 7.290E-03 1.065E-02 4.065E-03 2.817E-03 9.539E-04
584 5.182E-02 2.765E-02 1.566E-02 7.793E-03 1.199E-02 2.756E-03 3.038E-03 9.530E-04
592 5.802E-02 2.808E-02 1.582E-02 7.779E-03 1.180E-02 2.938E-03 3.007E-03 9.651E-04
600 5.628E-02 3.004E-02 1.684E-02 8.510E-03 1.204E-02 2.912E-03 3.041E-03 9.880E-04
608 5.903E-02 3.050E-02 1.751E-02 8.526E-03 1.205E-02 2.976E-03 3.143E-03 9.811E-04
616 6.059E-02 3.211E-02 1.761E-02 9.094E-03 1.298E-02 3.069E-03 3.254E-03 9.911E-04
624 6.281E-02 3.243E-02 1.870E-02 9.000E-03 1.202E-02 3.203E-03 3.326E-03 9.930E-04
632 6.499E-02 3.435E-02 1.869E-02 9.666E-03 1.338E-02 3.175E-03 3.387E-03 1.004E-03
640 6.755E-02 3.536E-02 1.986E-02 9.777E-03 1.330E-02 3.052E-03 3.530E-03 1.010E-03
648 6.973E-02 3.753E-02 2.002E-02 1.189E-02 1.407E-02 3.831E-03 4.317E-03 4.920E-02
656 7.283E-02 3.810E-02 2.154E-02 1.265E-02 1.396E-02 3.906E-03 4.474E-03 1.708E-03
664 7.464E-02 4.003E-02 2.177E-02 1.300E-02 1.225E-02 3.883E-03 4.506E-03 1.698E-03
672 7.720E-02 4.033E-02 2.239E-02 1.351E-02 1.035E-02 4.020E-03 4.686E-03 1.716E-03
680 7.997E-02 4.346E-02 2.312E-02 1.345E-02 1.034E-02 3.924E-03 4.633E-03 1.730E-03
688 8.244E-02 4.354E-02 2.426E-02 1.326E-02 1.139E-02 4.080E-03 4.833E-03 1.755E-03
696 8.551E-02 4.601E-02 2.474E-02 1.501E-02 1.176E-02 4.068E-03 4.828E-03 3.025E-02
704 8.939E-02 4.636E-02 2.558E-02 1.447E-02 1.132E-02 3.996E-03 5.073E-03 1.584E-03
712 9.145E-02 4.906E-02 2.634E-02 1.533E-02 1.089E-02 4.554E-03 5.269E-03 1.758E-03
720 9.487E-02 4.937E-02 2.740E-02 1.528E-02 1.204E-02 4.796E-03 5.441E-03 1.699E-03
728 9.796E-02 5.179E-02 2.772E-02 1.579E-02 1.265E-02 4.863E-03 5.397E-03 1.775E-03
736 1.059E-01 5.258E-02 2.886E-02 1.638E-02 1.312E-02 4.816E-03 5.622E-03 1.753E-03
744 1.035E-01 5.523E-02 2.906E-02 1.679E-02 1.190E-02 4.802E-03 5.500E-03 1.800E-03
752 1.077E-01 5.567E-02 3.065E-02 1.690E-02 1.278E-02 5.053E-03 5.823E-03 1.800E-03
760 1.106E-01 5.859E-02 3.230E-02 1.755E-02 1.348E-02 5.151E-03 5.770E-03 1.922E-03
768 1.148E-01 5.945E-02 3.323E-02 1.801E-02 8.925E-03 1.179E-02 3.074E-02 1.677E-03
776 1.234E-01 6.640E-02 3.747E-02 2.006E-02 1.446E-02 5.857E-03 7.492E-03 1.929E-03
784 1.258E-01 6.743E-02 3.900E-02 1.884E-02 1.015E-02 5.957E-03 7.849E-03 1.935E-03
792 1.283E-01 6.975E-02 4.931E-02 1.945E-02 1.071E-02 5.919E-03 7.718E-03 1.946E-03
800 1.337E-01 6.941E-02 5.323E-02 2.114E-02 1.042E-02 6.030E-03 8.066E-03 1.956E-03
808 1.354E-01 7.224E-02 4.755E-02 2.034E-02 1.099E-02 6.173E-03 8.100E-03 1.971E-03
816 1.393E-01 7.260E-02 4.358E-02 2.093E-02 1.093E-02 6.230E-03 8.393E-03 1.996E-03
824 1.435E-01 7.631E-02 4.834E-02 2.349E-02 1.597E-02 6.323E-03 8.369E-03 2.003E-03
832 1.479E-01 7.781E-02 4.830E-02 2.206E-02 1.130E-02 6.329E-03 8.742E-03 2.023E-03
840 1.514E-01 8.105E-02 5.535E-02 2.514E-02 1.639E-02 6.952E-03 8.838E-03 2.037E-03
848 1.577E-01 8.228E-02 5.476E-02 2.551E-02 1.335E-02 7.251E-03 9.172E-03 2.052E-03
856 1.599E-01 8.664E-02 5.932E-02 2.412E-02 1.567E-02 7.402E-03 9.068E-03 2.066E-03
864 1.656E-01 8.786E-02 6.160E-02 2.431E-02 1.413E-02 7.628E-03 9.506E-03 2.083E-03
872 1.695E-01 9.098E-02 5.991E-02 2.618E-02 1.587E-02 7.781E-03 9.486E-03 2.093E-03
880 1.736E-01 9.185E-02 5.507E-02 2.570E-02 1.403E-02 8.022E-03 9.808E-03 2.109E-03
888 1.764E-01 9.472E-02 5.676E-02 2.647E-02 1.435E-02 7.970E-03 9.839E-03 2.129E-03
896 1.810E-01 9.382E-02 5.391E-02 2.810E-02 1.402E-02 8.087E-03 1.053E-02 2.146E-03
904 1.833E-01 9.704E-02 5.465E-02 2.864E-02 1.755E-02 1.043E-02 1.119E-02 2.721E-02
912 1.882E-01 9.765E-02 5.515E-02 2.810E-02 1.457E-02 8.891E-03 1.131E-02 2.261E-03
920 1.945E-01 1.030E-01 5.920E-02 3.098E-02 1.787E-02 9.378E-03 1.086E-02 2.248E-03
928 2.001E-01 1.044E-01 5.919E-02 2.936E-02 1.524E-02 9.106E-03 1.137E-02 2.272E-03
936 2.043E-01 1.084E-01 6.161E-02 3.017E-02 1.629E-02 9.553E-03 1.120E-02 4.346E-02
944 2.122E-01 1.095E-01 6.298E-02 3.254E-02 1.626E-02 9.694E-03 1.153E-02 3.235E-03
952 2.149E-01 1.141E-01 6.565E-02 3.217E-02 1.726E-02 1.028E-02 1.200E-02 3.219E-03
960 2.210E-01 1.149E-01 6.505E-02 3.219E-02 1.687E-02 1.006E-02 1.273E-02 3.239E-03
968 2.292E-01 1.208E-01 6.869E-02 3.521E-02 2.047E-02 1.827E-02 1.295E-02 3.260E-03
976 2.342E-01 1.221E-01 6.899E-02 3.391E-02 1.834E-02 1.048E-02 1.337E-02 3.296E-03
984 2.387E-01 1.273E-01 7.358E-02 3.530E-02 1.939E-02 1.125E-02 1.313E-02 3.307E-03
992 2.459E-01 1.267E-01 7.218E-02 3.729E-02 1.854E-02 1.124E-02 1.358E-02 3.346E-03
1000 2.500E-01 1.301E-01 7.244E-02 3.911E-02 2.442E-02 1.159E-02 1.350E-02 3.353E-03
1008 2.554E-01 1.319E-01 7.280E-02 3.853E-02 2.377E-02 1.193E-02 1.396E-02 3.395E-03
